# JRE version: Java(TM) SE Runtime Environment (8.0_151-b12) (build 1.8.0_151-b12)
# Java VM: Java HotSpot(TM) 64-Bit Server VM (25.151-b12 mixed mode windows-amd64 compressed oops)
Heap:
 PSYoungGen      total 157184K, used 4374K [0x00000000f5580000, 0x00000000ffe80000, 0x0000000100000000)
  eden space 141824K, 3% used [0x00000000f5580000,0x00000000f59c5b20,0x00000000fe000000)
  from space 15360K, 0% used [0x00000000fe000000,0x00000000fe000000,0x00000000fef00000)
  to   space 14848K, 0% used [0x00000000ff000000,0x00000000ff000000,0x00000000ffe80000)
 ParOldGen       total 276480K, used 115793K [0x00000000e0000000, 0x00000000f0e00000, 0x00000000f5580000)
  object space 276480K, 41% used [0x00000000e0000000,0x00000000e71147d0,0x00000000f0e00000)
 Metaspace       used 111001K, capacity 114498K, committed 117888K, reserved 1148928K
  class space    used 17274K, capacity 18083K, committed 18816K, reserved 1048576K
GC Heap History (10 events):
Event: 1811.148 GC heap before
{Heap before GC invocations=60 (full 4):
 PSYoungGen      total 156672K, used 153305K [0x00000000f5580000, 0x0000000100000000, 0x0000000100000000)
  eden space 140800K, 100% used [0x00000000f5580000,0x00000000fdf00000,0x00000000fdf00000)
  from space 15872K, 78% used [0x00000000fdf00000,0x00000000feb36420,0x00000000fee80000)
  to   space 16896K, 0% used [0x00000000fef80000,0x00000000fef80000,0x0000000100000000)
 ParOldGen       total 248320K, used 213241K [0x00000000e0000000, 0x00000000ef280000, 0x00000000f5580000)
  object space 248320K, 85% used [0x00000000e0000000,0x00000000ed03e560,0x00000000ef280000)
 Metaspace       used 113174K, capacity 117460K, committed 117632K, reserved 1148928K
  class space    used 17636K, capacity 18720K, committed 18816K, reserved 1048576K
Event: 1811.165 GC heap after
Heap after GC invocations=60 (full 4):
 PSYoungGen      total 158208K, used 7008K [0x00000000f5580000, 0x0000000100000000, 0x0000000100000000)
  eden space 141312K, 0% used [0x00000000f5580000,0x00000000f5580000,0x00000000fdf80000)
  from space 16896K, 41% used [0x00000000fef80000,0x00000000ff658000,0x0000000100000000)
  to   space 16384K, 0% used [0x00000000fdf80000,0x00000000fdf80000,0x00000000fef80000)
 ParOldGen       total 248320K, used 224757K [0x00000000e0000000, 0x00000000ef280000, 0x00000000f5580000)
  object space 248320K, 90% used [0x00000000e0000000,0x00000000edb7d550,0x00000000ef280000)
 Metaspace       used 113174K, capacity 117460K, committed 117632K, reserved 1148928K
  class space    used 17636K, capacity 18720K, committed 18816K, reserved 1048576K
}
Event: 1811.577 GC heap before
{Heap before GC invocations=61 (full 4):
 PSYoungGen      total 158208K, used 148320K [0x00000000f5580000, 0x0000000100000000, 0x0000000100000000)
  eden space 141312K, 100% used [0x00000000f5580000,0x00000000fdf80000,0x00000000fdf80000)
  from space 16896K, 41% used [0x00000000fef80000,0x00000000ff658000,0x0000000100000000)
  to   space 16384K, 0% used [0x00000000fdf80000,0x00000000fdf80000,0x00000000fef80000)
 ParOldGen       total 248320K, used 224757K [0x00000000e0000000, 0x00000000ef280000, 0x00000000f5580000)
  object space 248320K, 90% used [0x00000000e0000000,0x00000000edb7d550,0x00000000ef280000)
 Metaspace       used 113185K, capacity 117460K, committed 117632K, reserved 1148928K
  class space    used 17636K, capacity 18720K, committed 18816K, reserved 1048576K
Event: 1811.587 GC heap after
Heap after GC invocations=61 (full 4):
 PSYoungGen      total 147456K, used 5856K [0x00000000f5580000, 0x00000000ffe80000, 0x0000000100000000)
  eden space 141312K, 0% used [0x00000000f5580000,0x00000000f5580000,0x00000000fdf80000)
  from space 6144K, 95% used [0x00000000fdf80000,0x00000000fe538000,0x00000000fe580000)
  to   space 15872K, 0% used [0x00000000fef00000,0x00000000fef00000,0x00000000ffe80000)
 ParOldGen       total 248320K, used 231073K [0x00000000e0000000, 0x00000000ef280000, 0x00000000f5580000)
  object space 248320K, 93% used [0x00000000e0000000,0x00000000ee1a8660,0x00000000ef280000)
 Metaspace       used 113185K, capacity 117460K, committed 117632K, reserved 1148928K
  class space    used 17636K, capacity 18720K, committed 18816K, reserved 1048576K
}
Event: 1821.286 GC heap before
{Heap before GC invocations=62 (full 4):
 PSYoungGen      total 147456K, used 147168K [0x00000000f5580000, 0x00000000ffe80000, 0x0000000100000000)
  eden space 141312K, 100% used [0x00000000f5580000,0x00000000fdf80000,0x00000000fdf80000)
  from space 6144K, 95% used [0x00000000fdf80000,0x00000000fe538000,0x00000000fe580000)
  to   space 15872K, 0% used [0x00000000fef00000,0x00000000fef00000,0x00000000ffe80000)
 ParOldGen       total 248320K, used 231073K [0x00000000e0000000, 0x00000000ef280000, 0x00000000f5580000)
  object space 248320K, 93% used [0x00000000e0000000,0x00000000ee1a8660,0x00000000ef280000)
 Metaspace       used 113234K, capacity 117472K, committed 117632K, reserved 1148928K
  class space    used 17639K, capacity 18722K, committed 18816K, reserved 1048576K
Event: 1821.300 GC heap after
Heap after GC invocations=62 (full 4):
 PSYoungGen      total 157696K, used 8960K [0x00000000f5580000, 0x0000000100000000, 0x0000000100000000)
  eden space 141824K, 0% used [0x00000000f5580000,0x00000000f5580000,0x00000000fe000000)
  from space 15872K, 56% used [0x00000000fef00000,0x00000000ff7c0020,0x00000000ffe80000)
  to   space 15360K, 0% used [0x00000000fe000000,0x00000000fe000000,0x00000000fef00000)
 ParOldGen       total 248320K, used 236422K [0x00000000e0000000, 0x00000000ef280000, 0x00000000f5580000)
  object space 248320K, 95% used [0x00000000e0000000,0x00000000ee6e1a48,0x00000000ef280000)
 Metaspace       used 113234K, capacity 117472K, committed 117632K, reserved 1148928K
  class space    used 17639K, capacity 18722K, committed 18816K, reserved 1048576K
}
Event: 1821.782 GC heap before
{Heap before GC invocations=63 (full 4):
 PSYoungGen      total 157696K, used 150784K [0x00000000f5580000, 0x0000000100000000, 0x0000000100000000)
  eden space 141824K, 100% used [0x00000000f5580000,0x00000000fe000000,0x00000000fe000000)
  from space 15872K, 56% used [0x00000000fef00000,0x00000000ff7c0020,0x00000000ffe80000)
  to   space 15360K, 0% used [0x00000000fe000000,0x00000000fe000000,0x00000000fef00000)
 ParOldGen       total 248320K, used 236422K [0x00000000e0000000, 0x00000000ef280000, 0x00000000f5580000)
  object space 248320K, 95% used [0x00000000e0000000,0x00000000ee6e1a48,0x00000000ef280000)
 Metaspace       used 113242K, capacity 117548K, committed 117888K, reserved 1148928K
  class space    used 17640K, capacity 18724K, committed 18816K, reserved 1048576K
Event: 1821.809 GC heap after
Heap after GC invocations=63 (full 4):
 PSYoungGen      total 157184K, used 7776K [0x00000000f5580000, 0x00000000ffe80000, 0x0000000100000000)
  eden space 141824K, 0% used [0x00000000f5580000,0x00000000f5580000,0x00000000fe000000)
  from space 15360K, 50% used [0x00000000fe000000,0x00000000fe798000,0x00000000fef00000)
  to   space 14848K, 0% used [0x00000000ff000000,0x00000000ff000000,0x00000000ffe80000)
 ParOldGen       total 248320K, used 243861K [0x00000000e0000000, 0x00000000ef280000, 0x00000000f5580000)
  object space 248320K, 98% used [0x00000000e0000000,0x00000000eee255d8,0x00000000ef280000)
 Metaspace       used 113242K, capacity 117548K, committed 117888K, reserved 1148928K
  class space    used 17640K, capacity 18724K, committed 18816K, reserved 1048576K
}
Event: 1821.809 GC heap before
{Heap before GC invocations=64 (full 5):
 PSYoungGen      total 157184K, used 7776K [0x00000000f5580000, 0x00000000ffe80000, 0x0000000100000000)
  eden space 141824K, 0% used [0x00000000f5580000,0x00000000f5580000,0x00000000fe000000)
  from space 15360K, 50% used [0x00000000fe000000,0x00000000fe798000,0x00000000fef00000)
  to   space 14848K, 0% used [0x00000000ff000000,0x00000000ff000000,0x00000000ffe80000)
 ParOldGen       total 248320K, used 243861K [0x00000000e0000000, 0x00000000ef280000, 0x00000000f5580000)
  object space 248320K, 98% used [0x00000000e0000000,0x00000000eee255d8,0x00000000ef280000)
 Metaspace       used 113242K, capacity 117548K, committed 117888K, reserved 1148928K
  class space    used 17640K, capacity 18724K, committed 18816K, reserved 1048576K
Event: 1822.207 GC heap after
Heap after GC invocations=64 (full 5):
 PSYoungGen      total 157184K, used 0K [0x00000000f5580000, 0x00000000ffe80000, 0x0000000100000000)
  eden space 141824K, 0% used [0x00000000f5580000,0x00000000f5580000,0x00000000fe000000)
  from space 15360K, 0% used [0x00000000fe000000,0x00000000fe000000,0x00000000fef00000)
  to   space 14848K, 0% used [0x00000000ff000000,0x00000000ff000000,0x00000000ffe80000)
 ParOldGen       total 276480K, used 115793K [0x00000000e0000000, 0x00000000f0e00000, 0x00000000f5580000)
  object space 276480K, 41% used [0x00000000e0000000,0x00000000e71147d0,0x00000000f0e00000)
 Metaspace       used 111001K, capacity 114498K, committed 117888K, reserved 1148928K
  class space    used 17274K, capacity 18083K, committed 18816K, reserved 1048576K
}

